<testsuites id="" name="" tests="1" failures="0" skipped="0" errors="0" time="7.240295000000013">
<testsuite name="google.spec.js" timestamp="2025-07-23T07:43:27.255Z" hostname="chromium" tests="1" failures="0" skipped="0" time="0.839" errors="0">
<testcase name="google test" classname="google.spec.js" time="0.839">
<system-out>
<![CDATA[git

[[ATTACHMENT|test-results\google-google-test-chromium\test-finished-1.png]]

[[ATTACHMENT|test-results\google-google-test-chromium\video.webm]]
]]>
</system-out>
</testcase>
</testsuite>
</testsuites>